[    0.000000] Initializing cgroup subsys cpuset
[    0.000000] Initializing cgroup subsys cpu
[    0.000000] Initializing cgroup subsys cpuacct
[    0.000000] Linux version 4.4.0-146-generic (buildd@lcy01-amd64-025) (gcc version 5.4.0 20160609 (Ubuntu 5.4.0-6ubuntu1~16.04.10) ) #172-Ubuntu SMP Wed Apr 3 09:00:08 UTC 2019 (Ubuntu 4.4.0-146.172-generic 4.4.177)
[    0.000000] Command line: BOOT_IMAGE=/boot/vmlinuz-4.4.0-146-generic root=LABEL=cloudimg-rootfs ro console=tty1 console=ttyS0
[    0.000000] KERNEL supported cpus:
[    0.000000]   Intel GenuineIntel
[    0.000000]   AMD AuthenticAMD
[    0.000000]   Centaur CentaurHauls
[    0.000000] x86/fpu: xstate_offset[2]:  576, xstate_sizes[2]:  256
[    0.000000] x86/fpu: Supporting XSAVE feature 0x01: 'x87 floating point registers'
[    0.000000] x86/fpu: Supporting XSAVE feature 0x02: 'SSE registers'
[    0.000000] x86/fpu: Supporting XSAVE feature 0x04: 'AVX registers'
[    0.000000] x86/fpu: Enabled xstate features 0x7, context size is 832 bytes, using 'standard' format.
[    0.000000] e820: BIOS-provided physical RAM map:
[    0.000000] BIOS-e820: [mem 0x0000000000000000-0x000000000009fbff] usable
[    0.000000] BIOS-e820: [mem 0x000000000009fc00-0x000000000009ffff] reserved
[    0.000000] BIOS-e820: [mem 0x00000000000f0000-0x00000000000fffff] reserved
[    0.000000] BIOS-e820: [mem 0x0000000000100000-0x000000003ffeffff] usable
[    0.000000] BIOS-e820: [mem 0x000000003fff0000-0x000000003fffffff] ACPI data
[    0.000000] BIOS-e820: [mem 0x00000000fec00000-0x00000000fec00fff] reserved
[    0.000000] BIOS-e820: [mem 0x00000000fee00000-0x00000000fee00fff] reserved
[    0.000000] BIOS-e820: [mem 0x00000000fffc0000-0x00000000ffffffff] reserved
[    0.000000] NX (Execute Disable) protection: active
[    0.000000] SMBIOS 2.5 present.
[    0.000000] Hypervisor detected: KVM
[    0.000000] e820: last_pfn = 0x3fff0 max_arch_pfn = 0x400000000
[    0.000000] MTRR: Disabled
[    0.000000] x86/PAT: MTRRs disabled, skipping PAT initialization too.
[    0.000000] CPU MTRRs all blank - virtualized system.
[    0.000000] x86/PAT: Configuration [0-7]: WB  WT  UC- UC  WB  WT  UC- UC  
[    0.000000] found SMP MP-table at [mem 0x0009fff0-0x0009ffff] mapped at [ffff88000009fff0]
[    0.000000] Scanning 1 areas for low memory corruption
[    0.000000] RAMDISK: [mem 0x362fa000-0x37174fff]
[    0.000000] ACPI: Early table checksum verification disabled
[    0.000000] ACPI: RSDP 0x00000000000E0000 000024 (v02 VBOX  )
[    0.000000] ACPI: XSDT 0x000000003FFF0030 00003C (v01 VBOX   VBOXXSDT 00000001 ASL  00000061)
[    0.000000] ACPI: FACP 0x000000003FFF00F0 0000F4 (v04 VBOX   VBOXFACP 00000001 ASL  00000061)
[    0.000000] ACPI: DSDT 0x000000003FFF0470 0022EA (v02 VBOX   VBOXBIOS 00000002 INTL 20100528)
[    0.000000] ACPI: FACS 0x000000003FFF0200 000040
[    0.000000] ACPI: FACS 0x000000003FFF0200 000040
[    0.000000] ACPI: APIC 0x000000003FFF0240 00005C (v02 VBOX   VBOXAPIC 00000001 ASL  00000061)
[    0.000000] ACPI: SSDT 0x000000003FFF02A0 0001CC (v01 VBOX   VBOXCPUT 00000002 INTL 20100528)
[    0.000000] No NUMA configuration found
[    0.000000] Faking a node at [mem 0x0000000000000000-0x000000003ffeffff]
[    0.000000] NODE_DATA(0) allocated [mem 0x3ffeb000-0x3ffeffff]
[    0.000000] kvm-clock: Using msrs 4b564d01 and 4b564d00
[    0.000000] kvm-clock: cpu 0, msr 0:3ffe3001, primary cpu clock
[    0.000000] kvm-clock: using sched offset of 5089362333 cycles
[    0.000000] clocksource: kvm-clock: mask: 0xffffffffffffffff max_cycles: 0x1cd42e4dffb, max_idle_ns: 881590591483 ns
[    0.000000] Zone ranges:
[    0.000000]   DMA      [mem 0x0000000000001000-0x0000000000ffffff]
[    0.000000]   DMA32    [mem 0x0000000001000000-0x000000003ffeffff]
[    0.000000]   Normal   empty
[    0.000000]   Device   empty
[    0.000000] Movable zone start for each node
[    0.000000] Early memory node ranges
[    0.000000]   node   0: [mem 0x0000000000001000-0x000000000009efff]
[    0.000000]   node   0: [mem 0x0000000000100000-0x000000003ffeffff]
[    0.000000] Initmem setup node 0 [mem 0x0000000000001000-0x000000003ffeffff]
[    0.000000] ACPI: PM-Timer IO Port: 0x4008
[    0.000000] IOAPIC[0]: apic_id 2, version 32, address 0xfec00000, GSI 0-23
[    0.000000] ACPI: INT_SRC_OVR (bus 0 bus_irq 0 global_irq 2 dfl dfl)
[    0.000000] ACPI: INT_SRC_OVR (bus 0 bus_irq 9 global_irq 9 low level)
[    0.000000] Using ACPI (MADT) for SMP configuration information
[    0.000000] smpboot: Allowing 2 CPUs, 0 hotplug CPUs
[    0.000000] PM: Registered nosave memory: [mem 0x00000000-0x00000fff]
[    0.000000] PM: Registered nosave memory: [mem 0x0009f000-0x0009ffff]
[    0.000000] PM: Registered nosave memory: [mem 0x000a0000-0x000effff]
[    0.000000] PM: Registered nosave memory: [mem 0x000f0000-0x000fffff]
[    0.000000] e820: [mem 0x40000000-0xfebfffff] available for PCI devices
[    0.000000] Booting paravirtualized kernel on KVM
[    0.000000] clocksource: refined-jiffies: mask: 0xffffffff max_cycles: 0xffffffff, max_idle_ns: 7645519600211568 ns
[    0.000000] setup_percpu: NR_CPUS:512 nr_cpumask_bits:512 nr_cpu_ids:2 nr_node_ids:1
[    0.000000] PERCPU: Embedded 34 pages/cpu @ffff88003fc00000 s99480 r8192 d31592 u1048576
[    0.000000] Built 1 zonelists in Node order, mobility grouping on.  Total pages: 257912
[    0.000000] Policy zone: DMA32
[    0.000000] Kernel command line: BOOT_IMAGE=/boot/vmlinuz-4.4.0-146-generic root=LABEL=cloudimg-rootfs ro console=tty1 console=ttyS0
[    0.000000] PID hash table entries: 4096 (order: 3, 32768 bytes)
[    0.000000] Memory: 997732K/1048120K available (8609K kernel code, 1334K rwdata, 4028K rodata, 1484K init, 1284K bss, 50388K reserved, 0K cma-reserved)
[    0.000000] SLUB: HWalign=64, Order=0-3, MinObjects=0, CPUs=2, Nodes=1
[    0.000000] Kernel/User page tables isolation: enabled
[    0.000000] Hierarchical RCU implementation.
[    0.000000] 	Build-time adjustment of leaf fanout to 64.
[    0.000000] 	RCU restricting CPUs from NR_CPUS=512 to nr_cpu_ids=2.
[    0.000000] RCU: Adjusting geometry for rcu_fanout_leaf=64, nr_cpu_ids=2
[    0.000000] NR_IRQS:33024 nr_irqs:440 16
[    0.000000] Console: colour VGA+ 80x25
[    0.000000] console [tty1] enabled
[    0.000000] console [ttyS0] enabled
[    0.000000] tsc: Detected 2303.998 MHz processor
[    0.154752] Calibrating delay loop (skipped) preset value.. 4607.99 BogoMIPS (lpj=9215992)
[    0.156527] pid_max: default: 32768 minimum: 301
[    0.157889] ACPI: Core revision 20150930
[    0.159855] ACPI: 2 ACPI AML tables successfully acquired and loaded
[    0.161217] Security Framework initialized
[    0.162244] Yama: becoming mindful.
[    0.163356] AppArmor: AppArmor initialized
[    0.164440] Dentry cache hash table entries: 131072 (order: 8, 1048576 bytes)
[    0.167903] Inode-cache hash table entries: 65536 (order: 7, 524288 bytes)
[    0.169960] Mount-cache hash table entries: 2048 (order: 2, 16384 bytes)
[    0.171618] Mountpoint-cache hash table entries: 2048 (order: 2, 16384 bytes)
[    0.173538] Initializing cgroup subsys io
[    0.175078] Initializing cgroup subsys memory
[    0.176341] Initializing cgroup subsys devices
[    0.177559] Initializing cgroup subsys freezer
[    0.178524] Initializing cgroup subsys net_cls
[    0.179480] Initializing cgroup subsys perf_event
[    0.180466] Initializing cgroup subsys net_prio
[    0.181427] Initializing cgroup subsys hugetlb
[    0.182414] Initializing cgroup subsys pids
[    0.184424] mce: CPU supports 0 MCE banks
[    0.185329] Last level iTLB entries: 4KB 64, 2MB 8, 4MB 8
[    0.186615] Last level dTLB entries: 4KB 64, 2MB 0, 4MB 0, 1GB 4
[    0.188297] Spectre V2 : Mitigation: Full generic retpoline
[    0.189537] Spectre V2 : Spectre v2 / SpectreRSB mitigation: Filling RSB on context switch
[    0.191307] Speculative Store Bypass: Vulnerable
[    0.194760] Freeing SMP alternatives memory: 36K
[    0.201155] ftrace: allocating 32287 entries in 127 pages
[    0.255366] smpboot: APIC(0) Converting physical 0 to logical package 0
[    0.257756] smpboot: Max logical packages: 1
[    0.258905] x2apic enabled
[    0.259767] Switched APIC routing to physical x2apic.
[    0.261736] ..TIMER: vector=0x30 apic1=0 pin1=2 apic2=-1 pin2=-1
[    0.370294] smpboot: CPU0: Intel(R) Core(TM) i5-7360U CPU @ 2.30GHz (family: 0x6, model: 0x8e, stepping: 0x9)
[    0.373169] Performance Events: unsupported p6 CPU model 142 no PMU driver, software events only.
[    0.384550] KVM setup paravirtual spinlock
[    0.386560] x86: Booting SMP configuration:
[    0.387870] .... node  #0, CPUs:      #1
[    0.388810] kvm-clock: cpu 1, msr 0:3ffe3041, secondary cpu clock
[    0.392080] mce: CPU supports 0 MCE banks
[    0.395036] x86: Booted up 1 node, 2 CPUs
[    0.396274] smpboot: Total of 2 processors activated (9215.99 BogoMIPS)
[    0.398506] devtmpfs: initialized
[    0.401038] evm: security.selinux
[    0.402078] evm: security.SMACK64
[    0.402829] evm: security.SMACK64EXEC
[    0.403681] evm: security.SMACK64TRANSMUTE
[    0.404557] evm: security.SMACK64MMAP
[    0.405431] evm: security.ima
[    0.406427] evm: security.capability
[    0.408120] clocksource: jiffies: mask: 0xffffffff max_cycles: 0xffffffff, max_idle_ns: 7645041785100000 ns
[    0.410171] futex hash table entries: 512 (order: 3, 32768 bytes)
[    0.411948] pinctrl core: initialized pinctrl subsystem
[    0.413103] RTC time: 16:38:46, date: 06/26/20
[    0.414205] NET: Registered protocol family 16
[    0.426468] cpuidle: using governor ladder
[    0.438765] cpuidle: using governor menu
[    0.440600] PCCT header not found.
[    0.442157] ACPI: bus type PCI registered
[    0.444011] acpiphp: ACPI Hot Plug PCI Controller Driver version: 0.5
[    0.446107] PCI: Using configuration type 1 for base access
[    0.459490] ACPI: Added _OSI(Module Device)
[    0.460885] ACPI: Added _OSI(Processor Device)
[    0.462005] ACPI: Added _OSI(3.0 _SCP Extensions)
[    0.463152] ACPI: Added _OSI(Processor Aggregator Device)
[    0.465307] ACPI: Executed 1 blocks of module-level executable AML code
[    0.468723] ACPI: Interpreter enabled
[    0.469602] ACPI: (supports S0 S5)
[    0.470384] ACPI: Using IOAPIC for interrupt routing
[    0.471571] PCI: Using host bridge windows from ACPI; if necessary, use "pci=nocrs" and report a bug
[    0.477585] ACPI: PCI Root Bridge [PCI0] (domain 0000 [bus 00-ff])
[    0.479623] acpi PNP0A03:00: _OSC: OS supports [ASPM ClockPM Segments MSI]
[    0.481576] acpi PNP0A03:00: _OSC: not requesting OS control; OS requires [ExtendedConfig ASPM ClockPM MSI]
[    0.483600] acpi PNP0A03:00: fail to add MMCONFIG information, can't access extended PCI configuration space under this bridge.
[    0.486247] PCI host bridge to bus 0000:00
[    0.487171] pci_bus 0000:00: root bus resource [io  0x0000-0x0cf7 window]
[    0.488905] pci_bus 0000:00: root bus resource [io  0x0d00-0xffff window]
[    0.490541] pci_bus 0000:00: root bus resource [mem 0x000a0000-0x000bffff window]
[    0.492209] pci_bus 0000:00: root bus resource [mem 0x40000000-0xfdffffff window]
[    0.493829] pci_bus 0000:00: root bus resource [bus 00-ff]
[    0.497349] pci 0000:00:01.1: legacy IDE quirk: reg 0x10: [io  0x01f0-0x01f7]
[    0.499363] pci 0000:00:01.1: legacy IDE quirk: reg 0x14: [io  0x03f6]
[    0.500647] pci 0000:00:01.1: legacy IDE quirk: reg 0x18: [io  0x0170-0x0177]
[    0.502074] pci 0000:00:01.1: legacy IDE quirk: reg 0x1c: [io  0x0376]
[    0.517820] pci 0000:00:07.0: quirk: [io  0x4000-0x403f] claimed by PIIX4 ACPI
[    0.519883] pci 0000:00:07.0: quirk: [io  0x4100-0x410f] claimed by PIIX4 SMB
[    0.538693] ACPI: PCI Interrupt Link [LNKA] (IRQs 5 9 10 *11)
[    0.540949] ACPI: PCI Interrupt Link [LNKB] (IRQs 5 9 *10 11)
[    0.543039] ACPI: PCI Interrupt Link [LNKC] (IRQs 5 *9 10 11)
[    0.544654] ACPI: PCI Interrupt Link [LNKD] (IRQs 5 9 10 *11)
[    0.546313] ACPI: Enabled 2 GPEs in block 00 to 07
[    0.547758] vgaarb: setting as boot device: PCI:0000:00:02.0
[    0.548930] vgaarb: device added: PCI:0000:00:02.0,decodes=io+mem,owns=io+mem,locks=none
[    0.550810] vgaarb: loaded
[    0.551906] vgaarb: bridge control possible 0000:00:02.0
[    0.553573] SCSI subsystem initialized
[    0.554843] ACPI: bus type USB registered
[    0.556522] usbcore: registered new interface driver usbfs
[    0.558139] usbcore: registered new interface driver hub
[    0.559917] usbcore: registered new device driver usb
[    0.561432] PCI: Using ACPI for IRQ routing
[    0.562747] NetLabel: Initializing
[    0.563535] NetLabel:  domain hash size = 128
[    0.564561] NetLabel:  protocols = UNLABELED CIPSOv4
[    0.567249] NetLabel:  unlabeled traffic allowed by default
[    0.568616] amd_nb: Cannot enumerate AMD northbridges
[    0.570530] clocksource: Switched to clocksource kvm-clock
[    0.583237] AppArmor: AppArmor Filesystem Enabled
[    0.585093] pnp: PnP ACPI init
[    0.588361] pnp: PnP ACPI: found 3 devices
[    0.604148] clocksource: acpi_pm: mask: 0xffffff max_cycles: 0xffffff, max_idle_ns: 2085701024 ns
[    0.608936] NET: Registered protocol family 2
[    0.610906] TCP established hash table entries: 8192 (order: 4, 65536 bytes)
[    0.613506] TCP bind hash table entries: 8192 (order: 5, 131072 bytes)
[    0.615891] TCP: Hash tables configured (established 8192 bind 8192)
[    0.618187] UDP hash table entries: 512 (order: 2, 16384 bytes)
[    0.620747] UDP-Lite hash table entries: 512 (order: 2, 16384 bytes)
[    0.623265] NET: Registered protocol family 1
[    0.625005] pci 0000:00:00.0: Limiting direct PCI/PCI transfers
[    0.627285] pci 0000:00:01.0: Activating ISA DMA hang workarounds
[    0.629866] Unpacking initramfs...
[    0.846220] Freeing initrd memory: 14828K
[    0.847668] platform rtc_cmos: registered platform RTC device (no PNP device found)
[    0.849626] Scanning for low memory corruption every 60 seconds
[    0.851139] audit: initializing netlink subsys (disabled)
[    0.852694] audit: type=2000 audit(1593189533.268:1): initialized
[    0.854117] Initialise system trusted keyring
[    0.855255] HugeTLB registered 2 MB page size, pre-allocated 0 pages
[    0.858148] zbud: loaded
[    0.859170] VFS: Disk quotas dquot_6.6.0
[    0.860432] VFS: Dquot-cache hash table entries: 512 (order 0, 4096 bytes)
[    0.861960] squashfs: version 4.0 (2009/01/31) Phillip Lougher
[    0.863422] fuse init (API version 7.23)
[    0.864904] Key type big_key registered
[    0.865952] Allocating IMA MOK and blacklist keyrings.
[    0.868170] Key type asymmetric registered
[    0.869078] Asymmetric key parser 'x509' registered
[    0.870171] Block layer SCSI generic (bsg) driver version 0.4 loaded (major 249)
[    0.871873] io scheduler noop registered
[    0.872743] io scheduler deadline registered (default)
[    0.873875] io scheduler cfq registered
[    0.875202] pci_hotplug: PCI Hot Plug PCI Core version: 0.5
[    0.876916] pciehp: PCI Express Hot Plug Controller Driver version: 0.4
[    0.878962] ACPI: AC Adapter [AC] (on-line)
[    0.879984] input: Power Button as /devices/LNXSYSTM:00/LNXPWRBN:00/input/input0
[    0.881580] ACPI: Power Button [PWRF]
[    0.882460] input: Sleep Button as /devices/LNXSYSTM:00/LNXSLPBN:00/input/input1
[    0.884121] ACPI: Sleep Button [SLPF]
[    0.886134] ACPI: Battery Slot [BAT0] (battery present)
[    0.887735] GHES: HEST is not enabled!
[    0.889050] Serial: 8250/16550 driver, 32 ports, IRQ sharing enabled
[    0.911055] 00:02: ttyS0 at I/O 0x3f8 (irq = 4, base_baud = 115200) is a 16550A
[    0.915771] Linux agpgart interface v0.103
[    0.918383] loop: module loaded
[    0.919879] scsi host0: ata_piix
[    0.920741] scsi host1: ata_piix
[    0.921509] ata1: PATA max UDMA/33 cmd 0x1f0 ctl 0x3f6 bmdma 0xd000 irq 14
[    0.922907] ata2: PATA max UDMA/33 cmd 0x170 ctl 0x376 bmdma 0xd008 irq 15
[    0.924426] libphy: Fixed MDIO Bus: probed
[    0.925486] tun: Universal TUN/TAP device driver, 1.6
[    0.927236] tun: (C) 1999-2004 Max Krasnyansky <maxk@qualcomm.com>
[    0.928637] PPP generic driver version 2.4.2
[    0.930028] ehci_hcd: USB 2.0 'Enhanced' Host Controller (EHCI) Driver
[    0.931403] ehci-pci: EHCI PCI platform driver
[    0.932385] ehci-platform: EHCI generic platform driver
[    0.933466] ohci_hcd: USB 1.1 'Open' Host Controller (OHCI) Driver
[    0.934695] ohci-pci: OHCI PCI platform driver
[    0.935688] ohci-platform: OHCI generic platform driver
[    0.936776] uhci_hcd: USB Universal Host Controller Interface driver
[    0.938086] i8042: PNP: PS/2 Controller [PNP0303:PS2K,PNP0f03:PS2M] at 0x60,0x64 irq 1,12
[    0.941036] serio: i8042 KBD port at 0x60,0x64 irq 1
[    0.942212] serio: i8042 AUX port at 0x60,0x64 irq 12
[    0.943584] mousedev: PS/2 mouse device common for all mice
[    0.944989] input: AT Translated Set 2 keyboard as /devices/platform/i8042/serio0/input/input2
[    0.947249] rtc_cmos rtc_cmos: rtc core: registered rtc_cmos as rtc0
[    0.948557] rtc_cmos rtc_cmos: alarms up to one day, 114 bytes nvram
[    0.949824] i2c /dev entries driver
[    0.950650] device-mapper: uevent: version 1.0.3
[    0.951790] device-mapper: ioctl: 4.34.0-ioctl (2015-10-28) initialised: dm-devel@redhat.com
[    0.953564] ledtrig-cpu: registered to indicate activity on CPUs
[    0.955096] NET: Registered protocol family 10
[    0.956230] NET: Registered protocol family 17
[    0.957182] Key type dns_resolver registered
[    0.958425] registered taskstats version 1
[    0.959371] Loading compiled-in X.509 certificates
[    0.960835] Loaded X.509 cert 'Build time autogenerated kernel key: 4dcb2dc2c7cf43e0c20c44384f68683c20294489'
[    0.962884] zswap: loaded using pool lzo/zbud
[    0.965473] Key type trusted registered
[    0.969315] Key type encrypted registered
[    0.970209] AppArmor: AppArmor sha1 policy hashing enabled
[    0.971454] ima: No TPM chip found, activating TPM-bypass!
[    0.972574] ima: Allocated hash algorithm: sha1
[    0.973594] evm: HMAC attrs: 0x1
[    0.975201]   Magic number: 8:233:642
[    0.976386] rtc_cmos rtc_cmos: setting system clock to 2020-06-26 16:38:47 UTC (1593189527)
[    0.978538] BIOS EDD facility v0.16 2004-Jun-25, 0 devices found
[    0.980082] EDD information not available.
[    1.080340] Freeing unused kernel memory: 1484K
[    1.081972] Write protecting the kernel read-only data: 14336k
[    1.083911] Freeing unused kernel memory: 1620K
[    1.085307] Freeing unused kernel memory: 68K
Loading, please wait...
starting version 229
[    1.097907] random: systemd-udevd: uninitialized urandom read (16 bytes read, 3 bits of entropy available)
[    1.098731] random: udevadm: uninitialized urandom read (16 bytes read, 3 bits of entropy available)
[    1.098758] random: udevadm: uninitialized urandom read (16 bytes read, 3 bits of entropy available)
[    1.108000] random: systemd-udevd: uninitialized urandom read (16 bytes read, 3 bits of entropy available)
[    1.108226] random: udevadm: uninitialized urandom read (16 bytes read, 3 bits of entropy available)
[    1.108274] random: udevadm: uninitialized urandom read (16 bytes read, 3 bits of entropy available)
[    1.108423] random: udevadm: uninitialized urandom read (16 bytes read, 3 bits of entropy available)
[    1.108478] random: udevadm: uninitialized urandom read (16 bytes read, 3 bits of entropy available)
[    1.108532] random: udevadm: uninitialized urandom read (16 bytes read, 3 bits of entropy available)
[    1.108589] random: udevadm: uninitialized urandom read (16 bytes read, 3 bits of entropy available)
[    1.150875] e1000: Intel(R) PRO/1000 Network Driver - version 7.3.21-k8-NAPI
[    1.152647] e1000: Copyright (c) 1999-2006 Intel Corporation.
[    1.158299] Fusion MPT base driver 3.04.20
[    1.159296] Copyright (c) 1999-2008 LSI Corporation
[    1.178998] Fusion MPT SPI Host driver 3.04.20
[    1.181011] AVX2 version of gcm_enc/dec engaged.
[    1.182643] AES CTR mode by8 optimization enabled
[    1.388866] input: ImExPS/2 Generic Explorer Mouse as /devices/platform/i8042/serio1/input/input4
[    1.846695] tsc: Refined TSC clocksource calibration: 2304.166 MHz
[    1.848865] clocksource: tsc: mask: 0xffffffffffffffff max_cycles: 0x213694c96b4, max_idle_ns: 440795303850 ns
[    1.868121] e1000 0000:00:03.0 eth0: (PCI:33MHz:32-bit) 02:3a:f4:24:e2:72
[    1.870216] e1000 0000:00:03.0 eth0: Intel(R) PRO/1000 Network Connection
[    1.872262] mptbase: ioc0: Initiating bringup
[    2.174943] ioc0: LSI53C1030 A0: Capabilities={Initiator}
[    3.173784] scsi host2: ioc0: LSI53C1030 A0, FwRev=00000000h, Ports=1, MaxQ=256, IRQ=20
[    3.852385] scsi 2:0:0:0: Direct-Access     VBOX     HARDDISK         1.0  PQ: 0 ANSI: 5
[    3.855104] scsi target2:0:0: Beginning Domain Validation
[    3.859360] scsi target2:0:0: Domain Validation skipping write tests
[    3.861106] scsi target2:0:0: Ending Domain Validation
[    3.862403] scsi target2:0:0: asynchronous
[    3.864437] scsi 2:0:1:0: Direct-Access     VBOX     HARDDISK         1.0  PQ: 0 ANSI: 5
[    3.866594] scsi target2:0:1: Beginning Domain Validation
[    3.868978] scsi target2:0:1: Domain Validation skipping write tests
[    3.870446] scsi target2:0:1: Ending Domain Validation
[    3.871686] scsi target2:0:1: asynchronous
[    3.881029] sd 2:0:0:0: [sda] 20971520 512-byte logical blocks: (10.7 GB/10.0 GiB)
[    3.881158] sd 2:0:0:0: Attached scsi generic sg0 type 0
[    3.905238] sd 2:0:0:0: [sda] Write Protect is off
[    3.907612] sd 2:0:0:0: [sda] Incomplete mode parameter data
[    3.910336] sd 2:0:0:0: [sda] Assuming drive cache: write through
[    3.914427] sd 2:0:1:0: [sdb] 20480 512-byte logical blocks: (10.5 MB/10.0 MiB)
[    3.918968] sd 2:0:1:0: [sdb] Write Protect is off
[    3.920332] sd 2:0:1:0: Attached scsi generic sg1 type 0
[    3.925097] sd 2:0:1:0: [sdb] Incomplete mode parameter data
[    3.928062] sd 2:0:1:0: [sdb] Assuming drive cache: write through
[    3.932560]  sda: sda1
[    3.935351] sd 2:0:0:0: [sda] Attached SCSI disk
[    3.938344] sd 2:0:1:0: [sdb] Attached SCSI disk
[    4.276475] e1000 0000:00:08.0 eth1: (PCI:33MHz:32-bit) 08:00:27:4e:62:34
[    4.278350] e1000 0000:00:08.0 eth1: Intel(R) PRO/1000 Network Connection
[    4.280778] e1000 0000:00:03.0 enp0s3: renamed from eth0
[    4.291474] e1000 0000:00:08.0 enp0s8: renamed from eth1
Begin: Loading essential drivers ... [    5.573330] md: linear personality registered for level -1
[    5.577360] md: multipath personality registered for level -4
[    5.581487] md: raid0 personality registered for level 0
[    5.587047] md: raid1 personality registered for level 1
[    5.658798] raid6: sse2x1   gen() 12243 MB/s
[    5.726648] raid6: sse2x1   xor()  8879 MB/s
[    5.795506] raid6: sse2x2   gen() 15176 MB/s
[    5.863263] raid6: sse2x2   xor() 10542 MB/s
[    5.931435] raid6: sse2x4   gen() 16985 MB/s
[    5.998634] raid6: sse2x4   xor() 10937 MB/s
[    6.066728] raid6: avx2x1   gen() 21288 MB/s
[    6.134690] raid6: avx2x2   gen() 15387 MB/s
[    6.203316] raid6: avx2x4   gen() 25708 MB/s
[    6.204713] raid6: using algorithm avx2x4 gen() 25708 MB/s
[    6.205816] raid6: using avx2x2 recovery algorithm
[    6.208439] xor: automatically using best checksumming function:
[    6.246667]    avx       : 28922.000 MB/sec
[    6.249435] async_tx: api initialized (async)
[    6.260077] md: raid6 personality registered for level 6
[    6.261428] md: raid5 personality registered for level 5
[    6.263063] md: raid4 personality registered for level 4
[    6.269690] md: raid10 personality registered for level 10
done.
Begin: Running /scripts/init-premount ... done.
Begin: Mounting root file system ... Begin: Running /scripts/local-top ... done.
Begin: Running /scripts/local-premount ... [    6.297730] Btrfs loaded
Scanning for Btrfs filesystems
done.
Warning: fsck not present, so skipping root file system
[    6.341242] EXT4-fs (sda1): mounted filesystem with ordered data mode. Opts: (null)
done.
Begin: Running /scripts/local-bottom ... done.
Begin: Running /scripts/init-bottom ... done.
[    6.672087] systemd[1]: systemd 229 running in system mode. (+PAM +AUDIT +SELINUX +IMA +APPARMOR +SMACK +SYSVINIT +UTMP +LIBCRYPTSETUP +GCRYPT +GNUTLS +ACL +XZ -LZ4 +SECCOMP +BLKID +ELFUTILS +KMOD -IDN)
[    6.675801] systemd[1]: Detected virtualization oracle.
[    6.676892] systemd[1]: Detected architecture x86-64.

Welcome to [1mUbuntu 16.04.6 LTS[0m!

[    6.681813] systemd[1]: Set hostname to <ubuntu>.
[    6.685603] systemd[1]: Initializing machine ID from random generator.
[    6.687050] systemd[1]: Installed transient /etc/machine-id file.
[    6.978857] systemd[1]: Listening on /dev/initctl Compatibility Named Pipe.
[[0;32m  OK  [0m] Listening on /dev/initctl Compatibility Named Pipe.
[    6.982075] systemd[1]: Started Trigger resolvconf update for networkd DNS.
[[0;32m  OK  [0m] Started Trigger resolvconf update for networkd DNS.
[    6.985067] systemd[1]: Created slice System Slice.
[[0;32m  OK  [0m] Created slice System Slice.
[    6.987334] systemd[1]: Created slice User and Session Slice.
[[0;32m  OK  [0m] Created slice User and Session Slice.
[    6.989295] systemd[1]: Reached target Slices.
[[0;32m  OK  [0m] Reached target Slices.
[    6.991494] systemd[1]: Listening on Syslog Socket.
[[0;32m  OK  [0m] Listening on Syslog Socket.
[    6.993665] systemd[1]: Listening on Device-mapper event daemon FIFOs.
[[0;32m  OK  [0m] Listening on Device-mapper event daemon FIFOs.
[    6.996660] systemd[1]: Created slice system-serial\x2dgetty.slice.
[[0;32m  OK  [0m] Created slice system-serial\x2dgetty.slice.
[    6.999232] systemd[1]: Listening on LVM2 poll daemon socket.
[[0;32m  OK  [0m] Listening on LVM2 poll daemon socket.
[    7.011048] systemd[1]: Listening on Journal Socket.
[[0;32m  OK  [0m] Listening on Journal Socket.
[    7.026786] systemd[1]: Starting Nameserver information manager...
         Starting Nameserver information manager...
[    7.030493] systemd[1]: Starting Set console keymap...
         Starting Set console keymap...
[    7.033239] systemd[1]: Mounting Huge Pages File System...
[    7.035239] random: nonblocking pool is initialized
         Mounting Huge Pages File System...
[    7.037826] systemd[1]: Listening on udev Control Socket.
[[0;32m  OK  [0m] Listening on udev Control Socket.
[    7.040405] systemd[1]: Reached target System Time Synchronized.
[[0;32m  OK  [0m] Reached target System Time Synchronized.
[    7.044165] systemd[1]: Reached target User and Group Name Lookups.
[[0;32m  OK  [0m] Reached target User and Group Name Lookups.
[    7.048073] systemd[1]: Starting Create list of required static device nodes for the current kernel...
         Starting Create list of required st... nodes for the current kernel...
[    7.051880] systemd[1]: Listening on Journal Audit Socket.
[[0;32m  OK  [0m] Listening on Journal Audit Socket.
[    7.054961] systemd[1]: Starting Uncomplicated firewall...
         Starting Uncomplicated firewall...
[    7.057797] systemd[1]: Mounting POSIX Message Queue File System...
         Mounting POSIX Message Queue File System...
[    7.060890] systemd[1]: Mounting Debug File System...
         Mounting Debug File System...
[    7.063204] systemd[1]: Listening on LVM2 metadata daemon socket.
[[0;32m  OK  [0m] Listening on LVM2 metadata daemon socket.
[    7.067702] systemd[1]: Starting Monitoring of LVM2 mirrors, snapshots etc. using dmeventd or progress polling...
         Starting Monitoring of LVM2 mirrors... dmeventd or progress polling...
[    7.072511] systemd[1]: Listening on udev Kernel Socket.
[[0;32m  OK  [0m] Listening on udev Kernel Socket.
[    7.081590] systemd[1]: Starting Load Kernel Modules...
         Starting Load Kernel Modules...
[    7.085337] systemd[1]: Started Forward Password Requests to Wall Directory Watch.
[[0;32m  OK  [0m] Started Forward Password Requests to Wall Directory Watch.
[    7.089617] systemd[1]: Reached target Swap.
[[0;32m  OK  [0m] Reached target Swap.
[    7.092944] systemd[1]: Reached target Encrypted Volumes.
[[0;32m  OK  [0m] Reached target Encrypted Volumes.
[    7.096359] systemd[1]: Listening on Journal Socket (/dev/log).
[[0;32m  OK  [0m] Listening on Journal Socket (/dev/log).
[    7.100532] systemd[1]: Starting Journal Service...
         Starting Journal Service...
[    7.115373] systemd[1]: Set up automount Arbitrary Executable File Formats File System Automount Point.
[[0;32m  OK  [0m] Set up automount Arbitrary Executab...ats File System Automount Point.
[    7.123326] Loading iSCSI transport class v2.0-870.
[    7.146928] systemd[1]: Starting Remount Root and Kernel File Systems...
[    7.148952] iscsi: registered transport (tcp)
         Starting Remount Root and Kernel File Systems...
[    7.153649] systemd[1]: Mounted POSIX Message Queue File System.
[[0;32m  OK  [0m] Mounted POSIX Message Queue File System.
[    7.156661] systemd[1]: Mounted Debug File System.
[[0;32m  OK  [0m] Mounted Debug File System.
[    7.158846] systemd[1]: Mounted Huge Pages File System.
[[0;32m  OK  [0m] Mounted Huge Pages File System.
[    7.161354] EXT4-fs (sda1): re-mounted. Opts: (null)
[    7.165380] systemd[1]: Started Set console keymap.
[[0;32m  OK  [0m] Started Set console keymap.
[    7.168407] systemd[1]: Started Create list of required static device nodes for the current kernel.
[[0;32m  OK  [0m] Started Create list of required sta...ce nodes for the current kernel.
[    7.173454] systemd[1]: Started Uncomplicated firewall.
[[0;32m  OK  [0m] Started Uncomplicated firewall.
[    7.187480] systemd[1]: Started Remount Root and Kernel File Systems.
[[0;32m  OK  [0m] Started Remount Root and Kernel File Systems.
[    7.199374] systemd[1]: Started Nameserver information manager.
[[0;32m  OK  [0m] Started Nameserver information manager.
[    7.213847] systemd[1]: Started Journal Service.
[[0;32m  OK  [0m] Started Journal Service.
[    7.267556] iscsi: registered transport (iser)
[[0;32m  OK  [0m] Started Load Kernel Modules.
         Starting Apply Kernel Variables...
         Mounting FUSE Control File System...
[[0;32m  OK  [0m] Started LVM2 metadata daemon.
         Starting Load/Save Random Seed...
         Starting Flush Journal to Persistent Storage...
         Starting udev Coldplug all Devices...
         Starting Create Static Device Nodes in /dev...
[[0;32m  OK  [0m] Mounted FUSE Control File System.
[[0;32m  OK  [0m] Started Load/Save Random Seed.
[[0;32m  OK  [0m] Started Apply Kernel Variables.
[[0;32m  OK  [0m] Started Flush Journal to Persistent Storage.
[[0;32m  OK  [0m] Started Create Static Device Nodes in /dev.
         Starting udev Kernel Device Manager...
[[0;32m  OK  [0m] Started udev Coldplug all Devices.
[[0;32m  OK  [0m] Started udev Kernel Device Manager.
[[0;32m  OK  [0m] Started Dispatch Password Requests to Console Directory Watch.
[[0;32m  OK  [0m] Found device /dev/ttyS0.
[[0;32m  OK  [0m] Listening on Load/Save RF Kill Switch Status /dev/rfkill Watch.
[[0;32m  OK  [0m] Started Monitoring of LVM2 mirrors,...ng dmeventd or progress polling.
[[0;32m  OK  [0m] Reached target Local File Systems (Pre).
[[0;32m  OK  [0m] Reached target Local File Systems.
         Starting Set console font and keymap...
         Starting LSB: AppArmor initialization...
         Starting Commit a transient machine-id on disk...
         Starting Initial cloud-init job (pre-networking)...
         Starting Create Volatile Files and Directories...
         Starting Tell Plymouth To Write Out Runtime Data...
[[0;32m  OK  [0m] Started Create Volatile Files and Directories.
[[0;32m  OK  [0m] Started Commit a transient machine-id on disk.
[[0;32m  OK  [0m] Started Tell Plymouth To Write Out Runtime Data.
         Starting Update UTMP about System Boot/Shutdown...
[[0;32m  OK  [0m] Started Update UTMP about System Boot/Shutdown.
[[0;32m  OK  [0m] Started Set console font and keymap.
[[0;32m  OK  [0m] Created slice system-getty.slice.
[[0;32m  OK  [0m] Started LSB: AppArmor initialization.
[    9.416172] cloud-init[606]: Cloud-init v. 18.5-45-g3554ffe8-0ubuntu1~16.04.1 running 'init-local' at Fri, 26 Jun 2020 16:38:55 +0000. Up 9.07 seconds.
[[0;32m  OK  [0m] Started Initial cloud-init job (pre-networking).
[[0;32m  OK  [0m] Reached target Network (Pre).
         Starting Raise network interfaces...
[[0;32m  OK  [0m] Started Raise network interfaces.
[[0;32m  OK  [0m] Reached target Network.
         Starting Initial cloud-init job (metadata service crawler)...
[   10.499204] cloud-init[964]: Cloud-init v. 18.5-45-g3554ffe8-0ubuntu1~16.04.1 running 'init' at Fri, 26 Jun 2020 16:38:56 +0000. Up 9.94 seconds.
[   10.502543] cloud-init[964]: ci-info: ++++++++++++++++++++++++++++++++++++++Net device info+++++++++++++++++++++++++++++++++++++++
[   10.505709] cloud-init[964]: ci-info: +--------+-------+----------------------------+---------------+--------+-------------------+
[   10.510114] cloud-init[964]: ci-info: | Device |   Up  |          Address           |      Mask     | Scope  |     Hw-Address    |
[   10.514094] cloud-init[964]: ci-info: +--------+-------+----------------------------+---------------+--------+-------------------+
[   10.517649] cloud-init[964]: ci-info: | enp0s3 |  True |         10.0.2.15          | 255.255.255.0 | global | 02:3a:f4:24:e2:72 |
[   10.520407] cloud-init[964]: ci-info: | enp0s3 |  True | fe80::3a:f4ff:fe24:e272/64 |       .       |  link  | 02:3a:f4:24:e2:72 |
[   10.523949] cloud-init[964]: ci-info: | enp0s8 | False |             .              |       .       |   .    | 08:00:27:4e:62:34 |
[   10.527843] cloud-init[964]: ci-info: |   lo   |  True |         127.0.0.1          |   255.0.0.0   |  host  |         .         |
[   10.531617] cloud-init[964]: ci-info: |   lo   |  True |          ::1/128           |       .       |  host  |         .         |
[   10.535802] cloud-init[964]: ci-info: +--------+-------+----------------------------+---------------+--------+-------------------+
[   10.540123] cloud-init[964]: ci-info: +++++++++++++++++++++++++++Route IPv4 info++++++++++++++++++++++++++++
[   10.543089] cloud-init[964]: ci-info: +-------+-------------+----------+---------------+-----------+-------+
[   10.546899] cloud-init[964]: ci-info: | Route | Destination | Gateway  |    Genmask    | Interface | Flags |
[   10.550418] cloud-init[964]: ci-info: +-------+-------------+----------+---------------+-----------+-------+
[   10.554069] cloud-init[964]: ci-info: |   0   |   0.0.0.0   | 10.0.2.2 |    0.0.0.0    |   enp0s3  |   UG  |
[   10.564689] cloud-init[964]: ci-info: |   1   |   10.0.2.0  | 0.0.0.0  | 255.255.255.0 |   enp0s3  |   U   |
[   10.567539] cloud-init[964]: ci-info: +-------+-------------+----------+---------------+-----------+-------+
[   10.570752] cloud-init[964]: ci-info: +++++++++++++++++++Route IPv6 info+++++++++++++++++++
[   10.580800] cloud-init[964]: ci-info: +-------+-------------+---------+-----------+-------+
[   10.582147] cloud-init[964]: ci-info: | Route | Destination | Gateway | Interface | Flags |
[   10.583838] cloud-init[964]: ci-info: +-------+-------------+---------+-----------+-------+
[   10.585382] cloud-init[964]: ci-info: |   0   |  fe80::/64  |    ::   |   enp0s3  |   U   |
[   10.587445] cloud-init[964]: ci-info: |   3   |   ff00::/8  |    ::   |   enp0s3  |   U   |
[   10.589808] cloud-init[964]: ci-info: +-------+-------------+---------+-----------+-------+
[   10.591750] cloud-init[964]: Generating public/private rsa key pair.
[   10.593686] cloud-init[964]: Your identification has been saved in /etc/ssh/ssh_host_rsa_key.
[   10.595687] cloud-init[964]: Your public key has been saved in /etc/ssh/ssh_host_rsa_key.pub.
[   10.597659] cloud-init[964]: The key fingerprint is:
[   10.605033] cloud-init[964]: SHA256:5YlbWOwN0yZAxtlQm3QLOTjyCdi6GuAQn2IIihXuUv0 root@ubuntu-xenial
[   10.607288] cloud-init[964]: The key's randomart image is:
[   10.608937] cloud-init[964]: +---[RSA 2048]----+
[   10.610409] cloud-init[964]: |  .. o o=*+..    |
[   10.611841] cloud-init[964]: |o.... +.=++* .   |
[   10.621033] cloud-init[964]: |=+o... + oX.+    |
[   10.621228] cloud-init[964]: |B+o ..  oB B     |
[[0;32m  OK  [0m] Started Initial cloud-init job (metadata service crawler).
[   10.622617] cloud-init[964]: |=o.  .E S = .    |
[   10.626889] cloud-init[964]: | o. .    o       |
[[0;32m  OK  [0m[   10.628581] cloud-init[964]: |   o    .        |
[   10.629765] cloud-init[964]: |  .              |
[   10.630379] cloud-init[964]: |                 |
] Reached target Network is Online.
[   10.631223] cloud-init[964]: +----[SHA256]-----+
[   10.640445] cloud-init[964]: Generating public/private dsa key pair.
[   10.642858] cloud-init[964]: Your identification has been saved in /etc/ssh/ssh_host_dsa_key.
[   10.645312] cloud-init[964]: Your public key has been saved in /etc/ssh/ssh_host_dsa_key.pub.
[   10.647794] cloud-init[964]: The key fingerprint is:
[   10.650081] cloud-init[964]: SHA256:Hx3udQDL6OHo8RWqD4gId95x1VIRiFkpZVb8PssPaHc root@ubuntu-xenial
[   10.653881] cloud-init[964]: The key's randomart image is:
[   10.654347] cloud-init[964]: +---[DSA 1024]----+
[   10.655146] cloud-init[964]: |         ===*o   |
[   10.655468] cloud-init[964]: |        +oo=.o   |
[   10.658108] cloud-init[964]: |         .= *..  |
[   10.659174] cloud-init[964]: |         = * o.. |
[   10.660283] cloud-init[964]: |. . . . S = +.. .|
[   10.661009] cloud-init[964]: | o + o = = + oo. |
         Starting iSCSI initiator daemon (iscsid)...
[   10.661140] cloud-init[964]: |  . o o + o +.ooE|
[   10.667215] cloud-init[964]: |         o . .oo |
[   10.670896] cloud-init[[0;32m  OK  [0m] Reached target Cloud-config availability.
[[0;32m  OK  [0m] Reached target System Initialization.
[[0;32m  OK  [0m] Listening on UUID daemon activation socket.
[[0;32m  OK  [0m] Listening on D-Bus System Message Bus Socket.
         Starting Socket activation for snappy daemon.
[[0;32m  OK  [0m] Started Daily apt download activities.
[964]: |          .    ..|
[   10.680489] cloud-init[964]: +----[SHA256]-----+
[[   10.682369] cloud-init[964]: Generating public/private ecdsa key pair.
[0;32m  OK  [0m] Started ACPI Events Check.
[[   10.682763] cloud-init[964]: Your identification has been saved in /etc/ssh/ssh_host_ecdsa_key.
[   10.694141] cloud-init[964]: Your public key has been saved in /etc/ssh/ssh_host_ecdsa_key.pub.
[   10.695445] cloud-init[964]: The key fingerprint is:
[0;32m  OK  [0m] Reached target Paths.
[   10.696274] cloud-init[964]: SHA256:13y320BJstPYPHjnZ8oUfncmYg+7D0OGvDid0Ouwfok root@ubuntu-xenial
[[0;32m  OK  [0m] Started Daily Cleanup of Temporary Directories.
[[   10.705801] cloud-init[964]: The key's randomart image is:
[0;32m  OK  [0m] Started Daily apt upgrade and clean activities.
[   10.709636] cloud-init[964]: +---[ECDSA 256]---+
[   10.712885] cloud-init[964]: |                 |
[[0;32m  OK  [0m] Reached target Timers.
[   10.714159] cloud-init[964]: |                 |
[   10.715931] cloud-init[964]: |            . .  |
[   10.716612] cloud-init[964]: |         o + X . |
[   10.717158] cloud-init[964]: |        S = X @ o|
[[0;32m  OK  [0m[   10.717747] cloud-init[964]: |         = * * *.|
[   10.717788] cloud-init[964]: |        +.=.* =.O|
[   10.717836] cloud-init[964]: |        E=o. X B*|
[   10.718953] cloud-init[964]: |       .o.. oo=..|
[   10.719636] cloud-init[964]: +----[SHA256]-----+
[   10.720925] cloud-init[964]: Generating public/private ed25519 key pair.
[   10.721785] cloud-init[964]: Your identification has been saved in /etc/ssh/ssh_host_ed25519_key.
[   10.722536] cloud-init[964]: Your public key has been saved in /etc/ssh/ssh_host_ed25519_key.pub.
[   10.723402] cloud-init[964]: The key fingerprint is:
[   10.724712] cloud-init[964]: SHA256:1xHsufw5lQZDLK5xWB4ZhSeWdbRx8o0HrdsLNxCQNtw root@ubuntu-xenial
[   10.725398] cloud-init[964]: The key's randomart image is:
[   10.726052] cloud-init[964]: +--[ED25519 256]--+
] Listening on ACPID Listen Socket.
[   10.726669] cloud-init[964]: |          .+&o+=.|
[   10.736502] cloud-init[964]: |           #.E.=*|
[   10.737664] cloud-init[964]: |          B.O.oo+|
[   10.738527] cloud-init[964]: |         o =o=.. |
         Starting LXD - unix socket.
[   10.738995] cloud-init[964]: |        S =...+o.|
[   10.748567] cloud-init[964]: |         o  o..=o|
[   10.750603] cloud-init[964]: |             .+oo|
[   10.752441] cloud-init[964]: |              +. |
[   10.754209] cloud-init[964]: |               . |
[   10.760485] cloud-init[964]: +----[SHA256]-----+
[[0;32m  OK  [0m] Listening on Socket activation for snappy daemon.
[[0;32m  OK  [0m] Listening on LXD - unix socket.
[[0;32m  OK  [0m] Started iSCSI initiator daemon (iscsid).
         Starting Login to default iSCSI targets...
[[0;32m  OK  [0m] Reached target Sockets.
[[0;32m  OK  [0m] Reached target Basic System.
         Starting LXD - container startup/shutdown...
         Starting Pollinate to seed the pseudo random number generator...
[[0;32m  OK  [0m] Started ACPI event daemon.
         Starting LSB: MD monitoring daemon...
         Starting LSB: Record successful boot for GRUB...
         Starting /etc/rc.local Compatibility...
[[0;32m  OK  [0m] Started FUSE filesystem for LXC.
         Starting Virtualbox guest utils...
         Starting Login Service...
[[0;32m  OK  [0m] Started D-Bus System Message Bus.
         Starting Snappy daemon...
[[0;32m  OK  [0m] Started Regular background program processing daemon.
[[0;32m  OK  [0m] Started Deferred execution scheduler.
[[0;32m  OK  [0m] Started Unattended Upgrades Shutdown.
         Starting System Logging Service...
         Starting Accounts Service...
[[0;32m  OK  [0m] Started /etc/rc.local Compatibility.
[[0;32m  OK  [0m] Started Login Service.
[[0;32m  OK  [0m] Started LSB: Record successful boot for GRUB.
[[0;32m  OK  [0m] Started LSB: MD monitoring daemon.
[[0;32m  OK  [0m] Started Login to default iSCSI targets.
[[0;32m  OK  [0m] Reached target Remote File Systems (Pre).
[[0;32m  OK  [0m] Reached target Remote File Systems.
         Starting LSB: daemon to balance interrupts for SMP systems...
         Starting LSB: Set the CPU Frequency Scaling governor to "ondemand"...
         Starting LSB: automatic crash report generation...
         Starting Permit User Sessions...
[[0;32m  OK  [0m] Started System Logging Service.
[[0;32m  OK  [0m] Started Permit User Sessions.
         Starting Hold until boot process finishes up...
         Starting Terminate Plymouth Boot Screen...
[[0;32m  OK  [0m] Started LSB: Set the CPU Frequency Scaling governor to "ondemand".
[[0;32m  OK  [0m] Started Hold until boot process finishes up.
[[0;32m  OK  [0m] Started Terminate Plymouth Boot Screen.
[[0;32m  OK  [0m] Started LSB: daemon to balance interrupts for SMP systems.
         Starting Set console scheme...
[[0;32m  OK  [0m] Started Getty on tty1.
[[0;32m  OK  [0m] Started Serial Getty on ttyS0.
[[0;32m  OK  [0m] Reached target Login Prompts.
[[0;32m  OK  [0m] Started LSB: automatic crash report generation.
[[0;32m  OK  [0m] Started Set console scheme.
[[0;32m  OK  [0m] Started Virtualbox guest utils.
         Starting Authenticate and Authorize Users to Run Privileged Tasks...
[[0;32m  OK  [0m] Started Authenticate and Authorize Users to Run Privileged Tasks.
[[0;32m  OK  [0m] Started LXD - container startup/shutdown.
[[0;32m  OK  [0m] Started Accounts Service.
[[0;32m  OK  [0m] Started Snappy daemon.
         Starting Wait until snapd is fully seeded...
[[0;32m  OK  [0m] Started Wait until snapd is fully seeded.
         Starting Apply the settings specified in cloud-config...
[   13.251013] cloud-init[1278]: Generating locales (this might take a while)...
[   14.142642] cloud-init[1278]:   en_US.UTF-8... done
[   14.153015] cloud-init[1278]: Generation complete.
[[0;32m  OK  [0m] Started Pollinate to seed the pseudo random number generator.
         Starting OpenBSD Secure Shell server...
[[0;32m  OK  [0m] Started OpenBSD Secure Shell server.
[[0;32m  OK  [0m] Reached target Multi-User System.
[[0;32m  OK  [0m] Reached target Graphical Interface.
         Starting Update UTMP about System Runlevel Changes...
[[0;32m  OK  [0m] Started Update UTMP about System Runlevel Changes.
[[0;32m  OK  [0m] Created slice User Slice of vagrant.
         Starting User Manager for UID 1000...
[[0;32m  OK  [0m] Started Session 1 of user vagrant.
[[0;32m  OK  [0m] Started User Manager for UID 1000.
[   14.815233] cloud-init[1278]: Cloud-init v. 18.5-45-g3554ffe8-0ubuntu1~16.04.1 running 'modules:config' at Fri, 26 Jun 2020 16:38:59 +0000. Up 13.12 seconds.
[[0;32m  OK  [0m] Started Apply the settings specified in cloud-config.
         Starting Execute cloud user/final scripts...
ci-info: no authorized ssh keys fingerprints found for user ubuntu.
<14>Jun 26 16:39:02 ec2: 
<14>Jun 26 16:39:02 ec2: #############################################################
<14>Jun 26 16:39:02 ec2: -----BEGIN SSH HOST KEY FINGERPRINTS-----
<14>Jun 26 16:39:02 ec2: 1024 SHA256:Hx3udQDL6OHo8RWqD4gId95x1VIRiFkpZVb8PssPaHc root@ubuntu-xenial (DSA)
<14>Jun 26 16:39:02 ec2: 256 SHA256:13y320BJstPYPHjnZ8oUfncmYg+7D0OGvDid0Ouwfok root@ubuntu-xenial (ECDSA)
<14>Jun 26 16:39:02 ec2: 256 SHA256:1xHsufw5lQZDLK5xWB4ZhSeWdbRx8o0HrdsLNxCQNtw root@ubuntu-xenial (ED25519)
<14>Jun 26 16:39:02 ec2: 2048 SHA256:5YlbWOwN0yZAxtlQm3QLOTjyCdi6GuAQn2IIihXuUv0 root@ubuntu-xenial (RSA)
<14>Jun 26 16:39:02 ec2: -----END SSH HOST KEY FINGERPRINTS-----
<14>Jun 26 16:39:02 ec2: #############################################################
-----BEGIN SSH HOST KEY KEYS-----
ecdsa-sha2-nistp256 AAAAE2VjZHNhLXNoYTItbmlzdHAyNTYAAAAIbmlzdHAyNTYAAABBBNl7hTkeO7UF8a6dJ2X11x9FLJvps9pGIfckyPtxHG0t8A9V0Uh+vUI7SfLym85WF/oezhlDI5KAKk4o/TkgrHg= root@ubuntu-xenial
ssh-ed25519 AAAAC3NzaC1lZDI1NTE5AAAAIBDK4nhhEK7+MP8QcnzsHk0A0DYXpe0J3oIY5dLb4dY9 root@ubuntu-xenial
ssh-rsa AAAAB3NzaC1yc2EAAAADAQABAAABAQC3xDsY6Wa0Ju6kkHqFNg6KBdSCeEMFpTPY8jw5OEbf37d5oGLx5Rzh/4JCMRM9FHCIJCyK2walguJmkHvVTuRo95KflfqlnvIfxH2IbhjLPKkjilVppzP5nIOYVVa4jaSlmSDU/8z8dPtbDzJKhX/Ak94haJ3ZFFXZCerq4IVdL3f/8LU534XmJ1zvkSmBvjfxYMIN531rrCwJvhOqkvAFQ4j/FH/PwzI+HT0jji1v+JdlMZDFKsRmGnh1CLdErfTIdibytt68zNkRXXuDSUJgGP68NHQfALT+i9C3fHFX4a4ziWYTDip/Cxm/faQNYnDyhq74e5cEGcyUrSkxDu0P root@ubuntu-xenial
-----END SSH HOST KEY KEYS-----
[   15.661138] cloud-init[1369]: Cloud-init v. 18.5-45-g3554ffe8-0ubuntu1~16.04.1 running 'modules:final' at Fri, 26 Jun 2020 16:39:02 +0000. Up 15.20 seconds.
[   15.664032] cloud-init[1369]: ci-info: no authorized ssh keys fingerprints found for user ubuntu.
[   15.668217] cloud-init[1369]: Cloud-init v. 18.5-45-g3554ffe8-0ubuntu1~16.04.1 finished at Fri, 26 Jun 2020 16:39:02 +0000. Datasource DataSourceNoCloud [seed=/dev/sdb][dsmode=net].  Up 15.65 seconds
[[0;32m  OK  [0m] Started Execute cloud user/final scripts.
[[0;32m  OK  [0m] Reached target Cloud-init target.

Ubuntu 16.04.6 LTS ubuntu-xenial ttyS0

ubuntu-xenial login: 